<?xml version="1.0" encoding="UTF-8"?>
<testsuite name="mainMenuTest" tests="6" skipped="0" failures="0" errors="0" timestamp="2023-02-06T17:14:04" hostname="LAPTOP-06VBF7Q5" time="5.919">
  <properties/>
  <testcase name="1.Открываем вкладку Elements" classname="mainMenuTest" time="1.119"/>
  <testcase name="3.Открываем вкладку Alerts, Frame &amp; Windows" classname="mainMenuTest" time="1.219"/>
  <testcase name="6.Открываем вкладку Game Store Application" classname="mainMenuTest" time="0.642"/>
  <testcase name="5.Открываем вкладку Interactions" classname="mainMenuTest" time="1.01"/>
  <testcase name="4.Открываем вкладку Widgets" classname="mainMenuTest" time="1.096"/>
  <testcase name="2.Открываем вкладку Forms" classname="mainMenuTest" time="0.818"/>
  <system-out><![CDATA[]]></system-out>
  <system-err><![CDATA[]]></system-err>
</testsuite>
